<?xml version="1.0" encoding="UTF-8"?>
<testng-results ignored="0" total="1" passed="1" failed="0" skipped="0">
  <reporter-output>
  </reporter-output>
  <suite started-at="2025-08-23T01:54:25 IST" name="Surefire suite" finished-at="2025-08-23T01:54:54 IST" duration-ms="28656">
    <groups>
    </groups>
    <test started-at="2025-08-23T01:54:25 IST" name="Surefire test" finished-at="2025-08-23T01:54:54 IST" duration-ms="28656">
      <class name="first.AppTest">
        <test-method is-config="true" signature="setup()[pri:0, instance:first.AppTest@6e75aa0d]" started-at="2025-08-23T01:54:25 IST" name="setup" finished-at="2025-08-23T01:54:34 IST" duration-ms="8918" status="PASS">
          <reporter-output>
          </reporter-output>
        </test-method> <!-- setup -->
        <test-method signature="openGoogle()[pri:0, instance:first.AppTest@6e75aa0d]" started-at="2025-08-23T01:54:34 IST" name="openGoogle" finished-at="2025-08-23T01:54:53 IST" duration-ms="19019" status="PASS">
          <reporter-output>
          </reporter-output>
        </test-method> <!-- openGoogle -->
        <test-method is-config="true" signature="teardown()[pri:0, instance:first.AppTest@6e75aa0d]" started-at="2025-08-23T01:54:53 IST" name="teardown" finished-at="2025-08-23T01:54:54 IST" duration-ms="621" status="PASS">
          <reporter-output>
          </reporter-output>
        </test-method> <!-- teardown -->
      </class> <!-- first.AppTest -->
    </test> <!-- Surefire test -->
  </suite> <!-- Surefire suite -->
</testng-results>
